# JRE version: OpenJDK Runtime Environment GraalVM CE 22.3.0 (17.0.5+8) (build 17.0.5+8-jvmci-22.3-b08)
# Java VM: OpenJDK 64-Bit Server VM GraalVM CE 22.3.0 (17.0.5+8-jvmci-22.3-b08, mixed mode, sharing, tiered, jvmci, jvmci compiler, compressed oops, compressed class ptrs, parallel gc, linux-amd64)
GC Precious Log:
 CPUs: 8 total, 1 available
 Memory: 1024M
 Large Page Support: Disabled
 NUMA Support: Disabled
 Compressed Oops: Enabled (32-bit)
 Alignments: Space 512K, Generation 512K, Heap 2M
 Heap Min Capacity: 100M
 Heap Initial Capacity: 100M
 Heap Max Capacity: 512M
 Pre-touch: Disabled
 Parallel Workers: 1
Heap:
 PSYoungGen      total 23552K, used 15928K [0x00000000f5580000, 0x00000000f6e00000, 0x0000000100000000)
  eden space 22016K, 66% used [0x00000000f5580000,0x00000000f63cb008,0x00000000f6b00000)
  from space 1536K, 84% used [0x00000000f6c00000,0x00000000f6d43250,0x00000000f6d80000)
  to   space 512K, 0% used [0x00000000f6d80000,0x00000000f6d80000,0x00000000f6e00000)
 ParOldGen       total 68608K, used 37583K [0x00000000e0000000, 0x00000000e4300000, 0x00000000f5580000)
  object space 68608K, 54% used [0x00000000e0000000,0x00000000e24b3d18,0x00000000e4300000)
 Metaspace       used 47908K, committed 48896K, reserved 1097728K
  class space    used 4805K, committed 5184K, reserved 1048576K
GC Heap History (20 events):
Event: 19.787 GC heap before
{Heap before GC invocations=12 (full 1):
 PSYoungGen      total 27136K, used 26927K [0x00000000f5580000, 0x00000000f7780000, 0x0000000100000000)
  eden space 22016K, 100% used [0x00000000f5580000,0x00000000f6b00000,0x00000000f6b00000)
  from space 5120K, 95% used [0x00000000f7280000,0x00000000f774be70,0x00000000f7780000)
  to   space 5632K, 0% used [0x00000000f6c80000,0x00000000f6c80000,0x00000000f7200000)
 ParOldGen       total 68608K, used 21652K [0x00000000e0000000, 0x00000000e4300000, 0x00000000f5580000)
  object space 68608K, 31% used [0x00000000e0000000,0x00000000e1525138,0x00000000e4300000)
 Metaspace       used 33283K, committed 33984K, reserved 1081344K
  class space    used 3540K, committed 3840K, reserved 1048576K
}
Event: 19.832 GC heap after
{Heap after GC invocations=12 (full 1):
 PSYoungGen      total 24576K, used 2240K [0x00000000f5580000, 0x00000000f7300000, 0x0000000100000000)
  eden space 22016K, 0% used [0x00000000f5580000,0x00000000f5580000,0x00000000f6b00000)
  from space 2560K, 87% used [0x00000000f6c80000,0x00000000f6eb0000,0x00000000f6f00000)
  to   space 3584K, 0% used [0x00000000f6f80000,0x00000000f6f80000,0x00000000f7300000)
 ParOldGen       total 68608K, used 26504K [0x00000000e0000000, 0x00000000e4300000, 0x00000000f5580000)
  object space 68608K, 38% used [0x00000000e0000000,0x00000000e19e2248,0x00000000e4300000)
 Metaspace       used 33283K, committed 33984K, reserved 1081344K
  class space    used 3540K, committed 3840K, reserved 1048576K
}
Event: 20.791 GC heap before
{Heap before GC invocations=13 (full 1):
 PSYoungGen      total 24576K, used 24256K [0x00000000f5580000, 0x00000000f7300000, 0x0000000100000000)
  eden space 22016K, 100% used [0x00000000f5580000,0x00000000f6b00000,0x00000000f6b00000)
  from space 2560K, 87% used [0x00000000f6c80000,0x00000000f6eb0000,0x00000000f6f00000)
  to   space 3584K, 0% used [0x00000000f6f80000,0x00000000f6f80000,0x00000000f7300000)
 ParOldGen       total 68608K, used 26504K [0x00000000e0000000, 0x00000000e4300000, 0x00000000f5580000)
  object space 68608K, 38% used [0x00000000e0000000,0x00000000e19e2248,0x00000000e4300000)
 Metaspace       used 34001K, committed 34688K, reserved 1081344K
  class space    used 3607K, committed 3904K, reserved 1048576K
}
Event: 20.837 GC heap after
{Heap after GC invocations=13 (full 1):
 PSYoungGen      total 25088K, used 2781K [0x00000000f5580000, 0x00000000f7280000, 0x0000000100000000)
  eden space 22016K, 0% used [0x00000000f5580000,0x00000000f5580000,0x00000000f6b00000)
  from space 3072K, 90% used [0x00000000f6f80000,0x00000000f72377a8,0x00000000f7280000)
  to   space 3072K, 0% used [0x00000000f6c80000,0x00000000f6c80000,0x00000000f6f80000)
 ParOldGen       total 68608K, used 28736K [0x00000000e0000000, 0x00000000e4300000, 0x00000000f5580000)
  object space 68608K, 41% used [0x00000000e0000000,0x00000000e1c10248,0x00000000e4300000)
 Metaspace       used 34001K, committed 34688K, reserved 1081344K
  class space    used 3607K, committed 3904K, reserved 1048576K
}
Event: 21.721 GC heap before
{Heap before GC invocations=14 (full 1):
 PSYoungGen      total 25088K, used 11150K [0x00000000f5580000, 0x00000000f7280000, 0x0000000100000000)
  eden space 22016K, 38% used [0x00000000f5580000,0x00000000f5dac228,0x00000000f6b00000)
  from space 3072K, 90% used [0x00000000f6f80000,0x00000000f72377a8,0x00000000f7280000)
  to   space 3072K, 0% used [0x00000000f6c80000,0x00000000f6c80000,0x00000000f6f80000)
 ParOldGen       total 68608K, used 28736K [0x00000000e0000000, 0x00000000e4300000, 0x00000000f5580000)
  object space 68608K, 41% used [0x00000000e0000000,0x00000000e1c10248,0x00000000e4300000)
 Metaspace       used 35137K, committed 35840K, reserved 1081344K
  class space    used 3730K, committed 4032K, reserved 1048576K
}
Event: 21.733 GC heap after
{Heap after GC invocations=14 (full 1):
 PSYoungGen      total 23040K, used 676K [0x00000000f5580000, 0x00000000f7000000, 0x0000000100000000)
  eden space 22016K, 0% used [0x00000000f5580000,0x00000000f5580000,0x00000000f6b00000)
  from space 1024K, 66% used [0x00000000f6c80000,0x00000000f6d291c0,0x00000000f6d80000)
  to   space 1536K, 0% used [0x00000000f6e80000,0x00000000f6e80000,0x00000000f7000000)
 ParOldGen       total 68608K, used 31415K [0x00000000e0000000, 0x00000000e4300000, 0x00000000f5580000)
  object space 68608K, 45% used [0x00000000e0000000,0x00000000e1eaded0,0x00000000e4300000)
 Metaspace       used 35137K, committed 35840K, reserved 1081344K
  class space    used 3730K, committed 4032K, reserved 1048576K
}
Event: 21.733 GC heap before
{Heap before GC invocations=15 (full 2):
 PSYoungGen      total 23040K, used 676K [0x00000000f5580000, 0x00000000f7000000, 0x0000000100000000)
  eden space 22016K, 0% used [0x00000000f5580000,0x00000000f5580000,0x00000000f6b00000)
  from space 1024K, 66% used [0x00000000f6c80000,0x00000000f6d291c0,0x00000000f6d80000)
  to   space 1536K, 0% used [0x00000000f6e80000,0x00000000f6e80000,0x00000000f7000000)
 ParOldGen       total 68608K, used 31415K [0x00000000e0000000, 0x00000000e4300000, 0x00000000f5580000)
  object space 68608K, 45% used [0x00000000e0000000,0x00000000e1eaded0,0x00000000e4300000)
 Metaspace       used 35137K, committed 35840K, reserved 1081344K
  class space    used 3730K, committed 4032K, reserved 1048576K
}
Event: 22.288 GC heap after
{Heap after GC invocations=15 (full 2):
 PSYoungGen      total 23040K, used 0K [0x00000000f5580000, 0x00000000f7000000, 0x0000000100000000)
  eden space 22016K, 0% used [0x00000000f5580000,0x00000000f5580000,0x00000000f6b00000)
  from space 1024K, 0% used [0x00000000f6c80000,0x00000000f6c80000,0x00000000f6d80000)
  to   space 1536K, 0% used [0x00000000f6e80000,0x00000000f6e80000,0x00000000f7000000)
 ParOldGen       total 68608K, used 31524K [0x00000000e0000000, 0x00000000e4300000, 0x00000000f5580000)
  object space 68608K, 45% used [0x00000000e0000000,0x00000000e1ec93f8,0x00000000e4300000)
 Metaspace       used 35137K, committed 35840K, reserved 1081344K
  class space    used 3730K, committed 4032K, reserved 1048576K
}
Event: 24.290 GC heap before
{Heap before GC invocations=16 (full 2):
 PSYoungGen      total 23040K, used 22016K [0x00000000f5580000, 0x00000000f7000000, 0x0000000100000000)
  eden space 22016K, 100% used [0x00000000f5580000,0x00000000f6b00000,0x00000000f6b00000)
  from space 1024K, 0% used [0x00000000f6c80000,0x00000000f6c80000,0x00000000f6d80000)
  to   space 1536K, 0% used [0x00000000f6e80000,0x00000000f6e80000,0x00000000f7000000)
 ParOldGen       total 68608K, used 31524K [0x00000000e0000000, 0x00000000e4300000, 0x00000000f5580000)
  object space 68608K, 45% used [0x00000000e0000000,0x00000000e1ec93f8,0x00000000e4300000)
 Metaspace       used 39073K, committed 39872K, reserved 1089536K
  class space    used 4054K, committed 4416K, reserved 1048576K
}
Event: 24.297 GC heap after
{Heap after GC invocations=16 (full 2):
 PSYoungGen      total 23552K, used 1200K [0x00000000f5580000, 0x00000000f7000000, 0x0000000100000000)
  eden space 22016K, 0% used [0x00000000f5580000,0x00000000f5580000,0x00000000f6b00000)
  from space 1536K, 78% used [0x00000000f6e80000,0x00000000f6fac010,0x00000000f7000000)
  to   space 1536K, 0% used [0x00000000f6d00000,0x00000000f6d00000,0x00000000f6e80000)
 ParOldGen       total 68608K, used 31524K [0x00000000e0000000, 0x00000000e4300000, 0x00000000f5580000)
  object space 68608K, 45% used [0x00000000e0000000,0x00000000e1ec93f8,0x00000000e4300000)
 Metaspace       used 39073K, committed 39872K, reserved 1089536K
  class space    used 4054K, committed 4416K, reserved 1048576K
}
Event: 25.185 GC heap before
{Heap before GC invocations=17 (full 2):
 PSYoungGen      total 23552K, used 23216K [0x00000000f5580000, 0x00000000f7000000, 0x0000000100000000)
  eden space 22016K, 100% used [0x00000000f5580000,0x00000000f6b00000,0x00000000f6b00000)
  from space 1536K, 78% used [0x00000000f6e80000,0x00000000f6fac010,0x00000000f7000000)
  to   space 1536K, 0% used [0x00000000f6d00000,0x00000000f6d00000,0x00000000f6e80000)
 ParOldGen       total 68608K, used 31524K [0x00000000e0000000, 0x00000000e4300000, 0x00000000f5580000)
  object space 68608K, 45% used [0x00000000e0000000,0x00000000e1ec93f8,0x00000000e4300000)
 Metaspace       used 39805K, committed 40640K, reserved 1089536K
  class space    used 4103K, committed 4480K, reserved 1048576K
}
Event: 25.196 GC heap after
{Heap after GC invocations=17 (full 2):
 PSYoungGen      total 23552K, used 1184K [0x00000000f5580000, 0x00000000f6f00000, 0x0000000100000000)
  eden space 22016K, 0% used [0x00000000f5580000,0x00000000f5580000,0x00000000f6b00000)
  from space 1536K, 77% used [0x00000000f6d00000,0x00000000f6e28000,0x00000000f6e80000)
  to   space 512K, 0% used [0x00000000f6e80000,0x00000000f6e80000,0x00000000f6f00000)
 ParOldGen       total 68608K, used 32475K [0x00000000e0000000, 0x00000000e4300000, 0x00000000f5580000)
  object space 68608K, 47% used [0x00000000e0000000,0x00000000e1fb6fa8,0x00000000e4300000)
 Metaspace       used 39805K, committed 40640K, reserved 1089536K
  class space    used 4103K, committed 4480K, reserved 1048576K
}
Event: 26.689 GC heap before
{Heap before GC invocations=18 (full 2):
 PSYoungGen      total 23552K, used 23200K [0x00000000f5580000, 0x00000000f6f00000, 0x0000000100000000)
  eden space 22016K, 100% used [0x00000000f5580000,0x00000000f6b00000,0x00000000f6b00000)
  from space 1536K, 77% used [0x00000000f6d00000,0x00000000f6e28000,0x00000000f6e80000)
  to   space 512K, 0% used [0x00000000f6e80000,0x00000000f6e80000,0x00000000f6f00000)
 ParOldGen       total 68608K, used 32475K [0x00000000e0000000, 0x00000000e4300000, 0x00000000f5580000)
  object space 68608K, 47% used [0x00000000e0000000,0x00000000e1fb6fa8,0x00000000e4300000)
 Metaspace       used 42052K, committed 42880K, reserved 1089536K
  class space    used 4270K, committed 4608K, reserved 1048576K
}
Event: 26.726 GC heap after
{Heap after GC invocations=18 (full 2):
 PSYoungGen      total 22528K, used 512K [0x00000000f5580000, 0x00000000f7200000, 0x0000000100000000)
  eden space 22016K, 0% used [0x00000000f5580000,0x00000000f5580000,0x00000000f6b00000)
  from space 512K, 100% used [0x00000000f6e80000,0x00000000f6f00000,0x00000000f6f00000)
  to   space 3584K, 0% used [0x00000000f6b00000,0x00000000f6b00000,0x00000000f6e80000)
 ParOldGen       total 68608K, used 34787K [0x00000000e0000000, 0x00000000e4300000, 0x00000000f5580000)
  object space 68608K, 50% used [0x00000000e0000000,0x00000000e21f8e68,0x00000000e4300000)
 Metaspace       used 42052K, committed 42880K, reserved 1089536K
  class space    used 4270K, committed 4608K, reserved 1048576K
}
Event: 29.486 GC heap before
{Heap before GC invocations=19 (full 2):
 PSYoungGen      total 22528K, used 22528K [0x00000000f5580000, 0x00000000f7200000, 0x0000000100000000)
  eden space 22016K, 100% used [0x00000000f5580000,0x00000000f6b00000,0x00000000f6b00000)
  from space 512K, 100% used [0x00000000f6e80000,0x00000000f6f00000,0x00000000f6f00000)
  to   space 3584K, 0% used [0x00000000f6b00000,0x00000000f6b00000,0x00000000f6e80000)
 ParOldGen       total 68608K, used 34787K [0x00000000e0000000, 0x00000000e4300000, 0x00000000f5580000)
  object space 68608K, 50% used [0x00000000e0000000,0x00000000e21f8e68,0x00000000e4300000)
 Metaspace       used 44417K, committed 45248K, reserved 1097728K
  class space    used 4504K, committed 4864K, reserved 1048576K
}
Event: 29.503 GC heap after
{Heap after GC invocations=19 (full 2):
 PSYoungGen      total 24064K, used 1696K [0x00000000f5580000, 0x00000000f7000000, 0x0000000100000000)
  eden space 22016K, 0% used [0x00000000f5580000,0x00000000f5580000,0x00000000f6b00000)
  from space 2048K, 82% used [0x00000000f6b00000,0x00000000f6ca8000,0x00000000f6d00000)
  to   space 2560K, 0% used [0x00000000f6d80000,0x00000000f6d80000,0x00000000f7000000)
 ParOldGen       total 68608K, used 35307K [0x00000000e0000000, 0x00000000e4300000, 0x00000000f5580000)
  object space 68608K, 51% used [0x00000000e0000000,0x00000000e227ae68,0x00000000e4300000)
 Metaspace       used 44417K, committed 45248K, reserved 1097728K
  class space    used 4504K, committed 4864K, reserved 1048576K
}
Event: 30.433 GC heap before
{Heap before GC invocations=20 (full 2):
 PSYoungGen      total 24064K, used 23712K [0x00000000f5580000, 0x00000000f7000000, 0x0000000100000000)
  eden space 22016K, 100% used [0x00000000f5580000,0x00000000f6b00000,0x00000000f6b00000)
  from space 2048K, 82% used [0x00000000f6b00000,0x00000000f6ca8000,0x00000000f6d00000)
  to   space 2560K, 0% used [0x00000000f6d80000,0x00000000f6d80000,0x00000000f7000000)
 ParOldGen       total 68608K, used 35307K [0x00000000e0000000, 0x00000000e4300000, 0x00000000f5580000)
  object space 68608K, 51% used [0x00000000e0000000,0x00000000e227ae68,0x00000000e4300000)
 Metaspace       used 45197K, committed 46144K, reserved 1097728K
  class space    used 4562K, committed 4928K, reserved 1048576K
}
Event: 30.498 GC heap after
{Heap after GC invocations=20 (full 2):
 PSYoungGen      total 23552K, used 1257K [0x00000000f5580000, 0x00000000f6f00000, 0x0000000100000000)
  eden space 22016K, 0% used [0x00000000f5580000,0x00000000f5580000,0x00000000f6b00000)
  from space 1536K, 81% used [0x00000000f6d80000,0x00000000f6eba400,0x00000000f6f00000)
  to   space 1536K, 0% used [0x00000000f6c00000,0x00000000f6c00000,0x00000000f6d80000)
 ParOldGen       total 68608K, used 36848K [0x00000000e0000000, 0x00000000e4300000, 0x00000000f5580000)
  object space 68608K, 53% used [0x00000000e0000000,0x00000000e23fc160,0x00000000e4300000)
 Metaspace       used 45197K, committed 46144K, reserved 1097728K
  class space    used 4562K, committed 4928K, reserved 1048576K
}
Event: 31.535 GC heap before
{Heap before GC invocations=21 (full 2):
 PSYoungGen      total 23552K, used 23273K [0x00000000f5580000, 0x00000000f6f00000, 0x0000000100000000)
  eden space 22016K, 100% used [0x00000000f5580000,0x00000000f6b00000,0x00000000f6b00000)
  from space 1536K, 81% used [0x00000000f6d80000,0x00000000f6eba400,0x00000000f6f00000)
  to   space 1536K, 0% used [0x00000000f6c00000,0x00000000f6c00000,0x00000000f6d80000)
 ParOldGen       total 68608K, used 36848K [0x00000000e0000000, 0x00000000e4300000, 0x00000000f5580000)
  object space 68608K, 53% used [0x00000000e0000000,0x00000000e23fc160,0x00000000e4300000)
 Metaspace       used 47141K, committed 48000K, reserved 1097728K
  class space    used 4738K, committed 5056K, reserved 1048576K
}
Event: 31.590 GC heap after
{Heap after GC invocations=21 (full 2):
 PSYoungGen      total 23552K, used 1292K [0x00000000f5580000, 0x00000000f6e00000, 0x0000000100000000)
  eden space 22016K, 0% used [0x00000000f5580000,0x00000000f5580000,0x00000000f6b00000)
  from space 1536K, 84% used [0x00000000f6c00000,0x00000000f6d43250,0x00000000f6d80000)
  to   space 512K, 0% used [0x00000000f6d80000,0x00000000f6d80000,0x00000000f6e00000)
 ParOldGen       total 68608K, used 37583K [0x00000000e0000000, 0x00000000e4300000, 0x00000000f5580000)
  object space 68608K, 54% used [0x00000000e0000000,0x00000000e24b3d18,0x00000000e4300000)
 Metaspace       used 47141K, committed 48000K, reserved 1097728K
  class space    used 4738K, committed 5056K, reserved 1048576K
}

